
WEC-Sim Input From Standard wecSimInputFile.m Of Case Directory... 
WEC-Sim: An open-source code for simulating wave energy converters
Version: 6.0

Initializing the Simulation Class...
	Case Dir: D:\capytaine_code\wecSim\single device\powermatix_calculation 
wecSimMCR Case 135
Elapsed time is 0.687027 seconds.

WEC-Sim Pre-processing ...   
	Infinite water depth specified in BEM and "waves.waterDepth" not specified in input file.
Set water depth to 200m for visualization.
Elapsed time is 0.089516 seconds.

WEC-Sim Simulation Settings:
	Start Time                     (sec) = 0
	End Time                       (sec) = 400
	Time Step Size                 (sec) = 0.1
	Ramp Function Time             (sec) = 100
	 Number of Time Steps     = 4000 

Wave Environment: 
	Wave Type                            = Regular Waves (Constant Hydrodynamic Coefficients)
	Wave Height, height (m)                   = 9
	Wave Period, period (sec)                 = 15

List of Body: Number of Bodies = 1 

	***** Body Number 1, Name: D:\Rhino\cylinder.STL *****
	Body CG                          (m) = [0,0,0]
	Body Mass                       (kg) = 58778.5 
	Body Moments of Inertia       (kgm2) = [548604,548604,117558]
	Body Products of Inertia      (kgm2) = [0,0,0]

List of PTO(s): Number of PTOs = 1 

	***** PTO Name: PTO *****
	PTO Stiffness           (N/m;Nm/rad) = 0
	PTO Damping           (Ns/m;Nsm/rad) = 56000

List of Constraint(s): Number of Constraints = 1 

	***** Constraint Name: Constraint1 *****


Simulating the WEC device defined in the SimMechanics model D:\capytaine_code\wecSim\single device\powermatix_calculation\PA.slx...   
Elapsed time is 0.221243 seconds.
Elapsed time is 6.808448 seconds.

Post-processing and saving...   
Elapsed time is 2.303913 seconds.
